<?xml version="1.0" encoding="UTF-8" ?>
<testsuite errors="0" failures="0" hostname="U2-DPE-CPB-0058" name="com.palmetto.testautomation.regression.PalmettoLoginRegressionTests" skipped="0" tests="1" time="126.285" timestamp="2015-06-02T06:35:08">
  <properties>
    <property name="java.vendor" value="Oracle Corporation" />
    <property name="sun.java.launcher" value="SUN_STANDARD" />
    <property name="env.OATS_HOME" value="C:\OracleATS" />
    <property name="eclipse.pdebuild.templates" value="/C:/eclipseLuna/plugins/org.eclipse.pde.build_3.9.0.v20140415-2029/templates/" />
    <property name="sun.management.compiler" value="HotSpot Client Compiler" />
    <property name="env.PROMPT" value="$P$G" />
    <property name="os.name" value="Windows 7" />
    <property name="env.FP_NO_HOST_CHECK" value="NO" />
    <property name="sun.boot.class.path" value="C:\Program Files (x86)\Java\jdk1.7.0_21\jre\lib\resources.jar;C:\Program Files (x86)\Java\jdk1.7.0_21\jre\lib\rt.jar;C:\Program Files (x86)\Java\jdk1.7.0_21\jre\lib\sunrsasign.jar;C:\Program Files (x86)\Java\jdk1.7.0_21\jre\lib\jsse.jar;C:\Program Files (x86)\Java\jdk1.7.0_21\jre\lib\jce.jar;C:\Program Files (x86)\Java\jdk1.7.0_21\jre\lib\charsets.jar;C:\Program Files (x86)\Java\jdk1.7.0_21\jre\lib\jfr.jar;C:\Program Files (x86)\Java\jdk1.7.0_21\jre\classes" />
    <property name="ant.file.type.PalmettoTestAutomation" value="file" />
    <property name="env.COMPUTERNAME" value="U2-DPE-CPB-0058" />
    <property name="env.CommonProgramW6432" value="C:\Program Files\Common Files" />
    <property name="env.ALLUSERSPROFILE" value="C:\ProgramData" />
    <property name="sun.desktop" value="windows" />
    <property name="java.vm.specification.vendor" value="Oracle Corporation" />
    <property name="ant.home" value="C:\apache-ant-1.9.4" />
    <property name="java.runtime.version" value="1.7.0_21-b11" />
    <property name="env.HOMEPATH" value="\Users\gauravs" />
    <property name="user.name" value="gauravs" />
    <property name="user.language" value="en" />
    <property name="sun.boot.library.path" value="C:\Program Files (x86)\Java\jdk1.7.0_21\jre\bin" />
    <property name="env.LR_PATH" value="C:\Program Files (x86)\HP\LoadRunner\" />
    <property name="ant.project.default-target" value="build" />
    <property name="ant.project.name" value="PalmettoTestAutomation" />
    <property name="java.version" value="1.7.0_21" />
    <property name="env.PROCESSOR_IDENTIFIER" value="Intel64 Family 6 Model 15 Stepping 13, GenuineIntel" />
    <property name="user.timezone" value="" />
    <property name="env.MW_HOME" value="C:\OracleATS\wls" />
    <property name="env.TEMP" value="C:\Users\gauravs\AppData\Local\Temp" />
    <property name="sun.arch.data.model" value="32" />
    <property name="java.endorsed.dirs" value="C:\Program Files (x86)\Java\jdk1.7.0_21\jre\lib\endorsed" />
    <property name="env.PROCESSOR_ARCHITEW6432" value="AMD64" />
    <property name="sun.cpu.isalist" value="pentium_pro+mmx pentium_pro pentium+mmx pentium i486 i386 i86" />
    <property name="env.HOMEDRIVE" value="C:" />
    <property name="sun.jnu.encoding" value="Cp1252" />
    <property name="file.encoding.pkg" value="sun.io" />
    <property name="ECLIPSE_HOME" value="../../../../../eclipseLuna" />
    <property name="file.separator" value="\" />
    <property name="java.specification.name" value="Java Platform API Specification" />
    <property name="java.class.version" value="51.0" />
    <property name="user.country" value="US" />
    <property name="java.home" value="C:\Program Files (x86)\Java\jdk1.7.0_21\jre" />
    <property name="env.PSModulePath" value="C:\Windows\system32\WindowsPowerShell\v1.0\Modules\;c:\Program Files\Microsoft Security Client\MpProvider\" />
    <property name="env.APPDATA" value="C:\Users\gauravs\AppData\Roaming" />
    <property name="env.PUBLIC" value="C:\Users\Public" />
    <property name="java.vm.info" value="mixed mode, sharing" />
    <property name="env.ComSpec" value="C:\Windows\system32\cmd.exe" />
    <property name="env.OS" value="Windows_NT" />
    <property name="env.CommonProgramFiles" value="C:\Program Files (x86)\Common Files" />
    <property name="ant.file" value="C:\Users\gauravs\git\palmetto\PalmettoTestAutomation\PalmettoTestAutomationBuild.xml" />
    <property name="os.version" value="6.1" />
    <property name="env.ProgramW6432" value="C:\Program Files" />
    <property name="env.RUBYOPT" value="-rubygems" />
    <property name="path.separator" value=";" />
    <property name="java.vm.version" value="23.21-b01" />
    <property name="env.VUGEN_PATH" value="C:\Program Files (x86)\HP\LoadRunner\" />
    <property name="env.USERPROFILE" value="C:\Users\gauravs" />
    <property name="user.variant" value="" />
    <property name="ant.library.dir" value="C:\apache-ant-1.9.4\lib" />
    <property name="junit.output.dir" value="junit" />
    <property name="java.awt.printerjob" value="sun.awt.windows.WPrinterJob" />
    <property name="env.TMP" value="C:\Users\gauravs\AppData\Local\Temp" />
    <property name="sun.io.unicode.encoding" value="UnicodeLittle" />
    <property name="env.LG_PATH" value="C:\Program Files (x86)\HP\LoadRunner\" />
    <property name="awt.toolkit" value="sun.awt.windows.WToolkit" />
    <property name="user.script" value="" />
    <property name="eclipse.pdebuild.scripts" value="/C:/eclipseLuna/plugins/org.eclipse.pde.build_3.9.0.v20140415-2029/scripts/" />
    <property name="user.home" value="C:\Users\gauravs" />
    <property name="target" value="1.7" />
    <property name="env.ProgramData" value="C:\ProgramData" />
    <property name="env.SESSIONNAME" value="Console" />
    <property name="env.ProgramFiles(x86)" value="C:\Program Files (x86)" />
    <property name="java.specification.vendor" value="Oracle Corporation" />
    <property name="java.vendor.url" value="http://java.oracle.com/" />
    <property name="java.library.path" value="C:\Program Files (x86)\Java\jdk1.7.0_21\jre\bin;C:\Windows\Sun\Java\bin;C:\Windows\system32;C:\Windows;C:/Program Files/Java/jre1.8.0_31/bin/server;C:/Program Files/Java/jre1.8.0_31/bin;C:/Program Files/Java/jre1.8.0_31/lib/amd64;C:\app\gauravs\product\11.2.0\client_1;C:\OracleATS\oxe\app\oracle\product\11.2.0\server\bin;;C:\Windows\system32;C:\Windows;C:\Windows\System32\Wbem;C:\Windows\System32\WindowsPowerShell\v1.0;C:\ProgramData\Oracle\Java\javapath;C:\Program Files (x86)\Java\jdk1.7.0_21\bin;C:\Program Files (x86)\HP\LoadRunner\strawberry-perl\perl\bin;C:\eclipseLuna;;." />
    <property name="env.NUMBER_OF_PROCESSORS" value="2" />
    <property name="env.USERDNSDOMAIN" value="BITWISEGLOBAL.NET" />
    <property name="java.vm.vendor" value="Oracle Corporation" />
    <property name="java.runtime.name" value="Java(TM) SE Runtime Environment" />
    <property name="java.class.path" value="C:\Users\gauravs\git\palmetto\PalmettoTestAutomation\bin;C:\Salenium\Selenium-2.45.0\selenium-2.45.0\junit-4.12.jar;C:\Salenium\Selenium-2.45.0\selenium-2.45.0\selenium-java-2.45.0.jar;C:\Salenium\Selenium-2.45.0\selenium-2.45.0\selenium-java-2.45.0-srcs.jar;C:\Salenium\Selenium-2.45.0\selenium-2.45.0\selenium-server-standalone-2.45.0.jar;C:\Salenium\Selenium-2.45.0\selenium-2.45.0\libs\apache-mime4j-0.6.jar;C:\Salenium\Selenium-2.45.0\selenium-2.45.0\libs\bsh-1.3.0.jar;C:\Salenium\Selenium-2.45.0\selenium-2.45.0\libs\cglib-nodep-2.1_3.jar;C:\Salenium\Selenium-2.45.0\selenium-2.45.0\libs\commons-codec-1.9.jar;C:\Salenium\Selenium-2.45.0\selenium-2.45.0\libs\commons-collections-3.2.1.jar;C:\Salenium\Selenium-2.45.0\selenium-2.45.0\libs\commons-exec-1.1.jar;C:\Salenium\Selenium-2.45.0\selenium-2.45.0\libs\commons-io-2.4.jar;C:\Salenium\Selenium-2.45.0\selenium-2.45.0\libs\commons-jxpath-1.3.jar;C:\Salenium\Selenium-2.45.0\selenium-2.45.0\libs\commons-lang3-3.3.2.jar;C:\Salenium\Selenium-2.45.0\selenium-2.45.0\libs\commons-logging-1.1.3.jar;C:\Salenium\Selenium-2.45.0\selenium-2.45.0\libs\cssparser-0.9.14.jar;C:\Salenium\Selenium-2.45.0\selenium-2.45.0\libs\gson-2.3.1.jar;C:\Salenium\Selenium-2.45.0\selenium-2.45.0\libs\guava-18.0.jar;C:\Salenium\Selenium-2.45.0\selenium-2.45.0\libs\hamcrest-core-1.3.jar;C:\Salenium\Selenium-2.45.0\selenium-2.45.0\libs\hamcrest-library-1.3.jar;C:\Salenium\Selenium-2.45.0\selenium-2.45.0\libs\htmlunit-2.15.jar;C:\Salenium\Selenium-2.45.0\selenium-2.45.0\libs\htmlunit-core-js-2.15.jar;C:\Salenium\Selenium-2.45.0\selenium-2.45.0\libs\httpclient-4.3.6.jar;C:\Salenium\Selenium-2.45.0\selenium-2.45.0\libs\httpcore-4.3.3.jar;C:\Salenium\Selenium-2.45.0\selenium-2.45.0\libs\httpmime-4.3.6.jar;C:\Salenium\Selenium-2.45.0\selenium-2.45.0\libs\ini4j-0.5.2.jar;C:\Salenium\Selenium-2.45.0\selenium-2.45.0\libs\jcommander-1.29.jar;C:\Salenium\Selenium-2.45.0\selenium-2.45.0\libs\jetty-websocket-8.1.8.jar;C:\Salenium\Selenium-2.45.0\selenium-2.45.0\libs\jna-3.4.0.jar;C:\Salenium\Selenium-2.45.0\selenium-2.45.0\libs\jna-platform-3.4.0.jar;C:\Salenium\Selenium-2.45.0\selenium-2.45.0\libs\junit-dep-4.11.jar;C:\Salenium\Selenium-2.45.0\selenium-2.45.0\libs\nekohtml-1.9.21.jar;C:\Salenium\Selenium-2.45.0\selenium-2.45.0\libs\netty-3.5.7.Final.jar;C:\Salenium\Selenium-2.45.0\selenium-2.45.0\libs\operadriver-1.5.jar;C:\Salenium\Selenium-2.45.0\selenium-2.45.0\libs\phantomjsdriver-1.2.1.jar;C:\Salenium\Selenium-2.45.0\selenium-2.45.0\libs\protobuf-java-2.4.1.jar;C:\Salenium\Selenium-2.45.0\selenium-2.45.0\libs\sac-1.3.jar;C:\Salenium\Selenium-2.45.0\selenium-2.45.0\libs\serializer-2.7.1.jar;C:\Salenium\Selenium-2.45.0\selenium-2.45.0\libs\testng-6.8.5.jar;C:\Salenium\Selenium-2.45.0\selenium-2.45.0\libs\xalan-2.7.1.jar;C:\Salenium\Selenium-2.45.0\selenium-2.45.0\libs\xercesImpl-2.11.0.jar;C:\Salenium\Selenium-2.45.0\selenium-2.45.0\libs\xml-apis-1.4.01.jar;C:\Salenium\Selenium-2.45.0\selenium-chrome-driver-2.45.0.jar;C:\Salenium\Selenium-2.45.0\selenium-firefox-driver-2.45.0.jar;C:\Salenium\Selenium-2.45.0\selenium-ie-driver-2.45.0.jar;C:\Salenium\Selenium-2.45.0\POI\poi-3.12-beta1\poi-3.12-beta1-20150228.jar;C:\Salenium\Selenium-2.45.0\POI\poi-3.12-beta1\poi-examples-3.12-beta1-20150228.jar;C:\Salenium\Selenium-2.45.0\POI\poi-3.12-beta1\poi-excelant-3.12-beta1-20150228.jar;C:\Salenium\Selenium-2.45.0\POI\poi-3.12-beta1\poi-ooxml-3.12-beta1-20150228.jar;C:\Salenium\Selenium-2.45.0\POI\poi-3.12-beta1\poi-ooxml-schemas-3.12-beta1-20150228.jar;C:\Salenium\Selenium-2.45.0\POI\poi-3.12-beta1\poi-scratchpad-3.12-beta1-20150228.jar;C:\Salenium\Selenium-2.45.0\POI\poi-3.12-beta1\ooxml-lib\xmlbeans-2.6.0.jar;C:\Salenium\Selenium-2.45.0\POI\poi-3.12-beta1\lib\commons-codec-1.9.jar;C:\Salenium\Selenium-2.45.0\POI\poi-3.12-beta1\lib\commons-logging-1.1.3.jar;C:\Salenium\Selenium-2.45.0\POI\poi-3.12-beta1\lib\junit-4.12.jar;C:\Salenium\Selenium-2.45.0\POI\poi-3.12-beta1\lib\log4j-1.2.17.jar;C:\eclipseLuna\plugins\org.junit_4.11.0.v201303080030\junit.jar;C:\eclipseLuna\plugins\org.hamcrest.core_1.3.0.v201303031735.jar;C:\apache-ant-1.9.4\lib\ant-launcher.jar;C:\apache-ant-1.9.4\lib\ant.jar;C:\apache-ant-1.9.4\lib\ant-junit.jar;C:\apache-ant-1.9.4\lib\ant-junit4.jar" />
    <property name="ant.version" value="Apache Ant(TM) version 1.9.4 compiled on April 29 2014" />
    <property name="sun.java.command" value="org.apache.tools.ant.taskdefs.optional.junit.JUnitTestRunner com.palmetto.testautomation.regression.PalmettoLoginRegressionTests skipNonTests=false filtertrace=true haltOnError=false haltOnFailure=false formatter=org.apache.tools.ant.taskdefs.optional.junit.OutErrSummaryJUnitResultFormatter showoutput=false outputtoformatters=true logfailedtests=true threadid=0 logtestlistenerevents=false formatter=org.apache.tools.ant.taskdefs.optional.junit.XMLJUnitResultFormatter,C:\Users\gauravs\git\palmetto\PalmettoTestAutomation\junit\TEST-com.palmetto.testautomation.regression.PalmettoLoginRegressionTests.xml crashfile=C:\Users\gauravs\git\palmetto\PalmettoTestAutomation\junitvmwatcher3303688760951125994.properties propsfile=C:\Users\gauravs\git\palmetto\PalmettoTestAutomation\junit8014663826148322415.properties" />
    <property name="java.vm.specification.name" value="Java Virtual Machine Specification" />
    <property name="env.LOGONSERVER" value="\\GLPRDDC2" />
    <property name="env.windir" value="C:\Windows" />
    <property name="env.PROCESSOR_ARCHITECTURE" value="x86" />
    <property name="java.vm.specification.version" value="1.7" />
    <property name="sun.os.patch.level" value="Service Pack 1" />
    <property name="sun.cpu.endian" value="little" />
    <property name="debuglevel" value="source,lines,vars" />
    <property name="env.ProgramFiles" value="C:\Program Files (x86)" />
    <property name="env.ANT_HOME" value="C:\apache-ant-1.9.4" />
    <property name="java.io.tmpdir" value="C:\Users\gauravs\AppData\Local\Temp\" />
    <property name="env.PROCESSOR_REVISION" value="0f0d" />
    <property name="eclipse.pdebuild.home" value="/C:/eclipseLuna/plugins/org.eclipse.pde.build_3.9.0.v20140415-2029/./" />
    <property name="env.UATDATA" value="C:\Windows\CCM\UATData\D9F8C395-CAB8-491d-B8AC-179A1FE1BE77" />
    <property name="env.CommonProgramFiles(x86)" value="C:\Program Files (x86)\Common Files" />
    <property name="java.vendor.url.bug" value="http://bugreport.sun.com/bugreport/" />
    <property name="env.SystemRoot" value="C:\Windows" />
    <property name="java.awt.graphicsenv" value="sun.awt.Win32GraphicsEnvironment" />
    <property name="os.arch" value="x86" />
    <property name="ant.file.PalmettoTestAutomation" value="C:\Users\gauravs\git\palmetto\PalmettoTestAutomation\PalmettoTestAutomationBuild.xml" />
    <property name="env.WL_HOME" value="C:\OracleATS\wls\wlserver" />
    <property name="java.ext.dirs" value="C:\Program Files (x86)\Java\jdk1.7.0_21\jre\lib\ext;C:\Windows\Sun\Java\lib\ext" />
    <property name="env.LOCALAPPDATA" value="C:\Users\gauravs\AppData\Local" />
    <property name="user.dir" value="C:\Users\gauravs\git\palmetto\PalmettoTestAutomation" />
    <property name="line.separator" value="&#xd;&#xa;" />
    <property name="java.vm.name" value="Java HotSpot(TM) Client VM" />
    <property name="env.PATHEXT" value=".COM;.EXE;.BAT;.CMD;.VBS;.VBE;.JS;.JSE;.WSF;.WSH;.MSC;.RB;.RBW" />
    <property name="env.Path" value="C:/Program Files/Java/jre1.8.0_31/bin/server;C:/Program Files/Java/jre1.8.0_31/bin;C:/Program Files/Java/jre1.8.0_31/lib/amd64;C:\app\gauravs\product\11.2.0\client_1;C:\OracleATS\oxe\app\oracle\product\11.2.0\server\bin;;C:\Windows\system32;C:\Windows;C:\Windows\System32\Wbem;C:\Windows\System32\WindowsPowerShell\v1.0;C:\ProgramData\Oracle\Java\javapath;C:\Program Files (x86)\Java\jdk1.7.0_21\bin;C:\Program Files (x86)\HP\LoadRunner\strawberry-perl\perl\bin;C:\eclipseLuna;" />
    <property name="basedir" value="C:\Users\gauravs\git\palmetto\PalmettoTestAutomation" />
    <property name="ant.java.version" value="1.7" />
    <property name="ant.core.lib" value="C:\apache-ant-1.9.4\lib\ant.jar" />
    <property name="env.USERNAME" value="gauravs" />
    <property name="source" value="1.7" />
    <property name="env.SystemDrive" value="C:" />
    <property name="file.encoding" value="Cp1252" />
    <property name="env.VS100COMNTOOLS" value="C:\Program Files (x86)\Microsoft Visual Studio 10.0\Common7\Tools\" />
    <property name="env.USERDOMAIN" value="BITWISEGLOBAL" />
    <property name="env.HELPER_SERVICE_PORT" value="7979" />
    <property name="java.specification.version" value="1.7" />
    <property name="ant.project.invoked-targets" value="build,PalmettoLoginRegressionTests,junitreport" />
    <property name="env.ANALYSIS_PATH" value="C:\Program Files (x86)\HP\LoadRunner\" />
    <property name="env.LOG_FILE" value="C:\Users\ADMINI~1\AppData\Local\Temp\\ihp_custom_batches.log" />
    <property name="env.PROCESSOR_LEVEL" value="6" />
  </properties>
  <testcase classname="com.palmetto.testautomation.regression.PalmettoLoginRegressionTests" name="LogInToPalmetto" time="125.795" />
  <system-out><![CDATA[]]></system-out>
  <system-err><![CDATA[Starting ChromeDriver (v2.8.241075) on port 11367
log4j:WARN No appenders could be found for logger (org.apache.http.client.protocol.RequestAddCookies).
log4j:WARN Please initialize the log4j system properly.
log4j:WARN See http://logging.apache.org/log4j/1.2/faq.html#noconfig for more info.
]]></system-err>
</testsuite>
